Using pre-set license
Built from '2020.3/staging' branch; Version is '2020.3.11f1 (99c7afb366b3) revision 10078127'; Using compiler version '192528614'; Build Type 'Release'
OS: 'Windows 10 Pro; OS build 19041.1052; Version 2004; 64bit' Language: 'en' Physical Memory: 12238 MB
BatchMode: 1, IsHumanControllingUs: 0, StartBugReporterOnCrash: 0, Is64bit: 1, IsPro: 0

 COMMAND LINE ARGUMENTS:
C:\Program Files\Unity Editors\2020.3.11f1\Editor\Unity.exe
-adb2
-batchMode
-noUpm
-name
AssetImportWorker0
-projectPath
C:/Users/Alex/Let's Loot
-logFile
Logs/AssetImportWorker0.log
-srvPort
57319
Successfully changed project path to: C:/Users/Alex/Let's Loot
C:/Users/Alex/Let's Loot
Using Asset Import Pipeline V2.
Refreshing native plugins compatible for Editor in 34.60 ms, found 2 plugins.
Preloading 0 native plugins for Editor in 0.00 ms.
Initialize engine version: 2020.3.11f1 (99c7afb366b3)
[Subsystems] Discovering subsystems at path C:/Program Files/Unity Editors/2020.3.11f1/Editor/Data/Resources/UnitySubsystems
[Subsystems] Discovering subsystems at path C:/Users/Alex/Let's Loot/Assets
GfxDevice: creating device client; threaded=0
Direct3D:
    Version:  Direct3D 11.0 [level 11.1]
    Renderer: NVIDIA GeForce GTX 960 (ID=0x1401)
    Vendor:   
    VRAM:     4053 MB
    Driver:   27.21.14.6079
Initialize mono
Mono path[0] = 'C:/Program Files/Unity Editors/2020.3.11f1/Editor/Data/Managed'
Mono path[1] = 'C:/Program Files/Unity Editors/2020.3.11f1/Editor/Data/MonoBleedingEdge/lib/mono/unityjit'
Mono config path = 'C:/Program Files/Unity Editors/2020.3.11f1/Editor/Data/MonoBleedingEdge/etc'
Using monoOptions --debugger-agent=transport=dt_socket,embedding=1,server=y,suspend=n,address=127.0.0.1:56424
Begin MonoManager ReloadAssembly
Registering precompiled unity dll's ...
Register platform support module: C:/Program Files/Unity Editors/2020.3.11f1/Editor/Data/PlaybackEngines/WebGLSupport/UnityEditor.WebGL.Extensions.dll
Register platform support module: C:/Program Files/Unity Editors/2020.3.11f1/Editor/Data/PlaybackEngines/MacStandaloneSupport/UnityEditor.OSXStandalone.Extensions.dll
Register platform support module: C:/Program Files/Unity Editors/2020.3.11f1/Editor/Data/PlaybackEngines/WindowsStandaloneSupport/UnityEditor.WindowsStandalone.Extensions.dll
Registered in 0.005270 seconds.
Native extension for WindowsStandalone target not found
Native extension for OSXStandalone target not found
Native extension for WebGL target not found
Refreshing native plugins compatible for Editor in 39.82 ms, found 2 plugins.
Preloading 0 native plugins for Editor in 0.00 ms.
Unable to find bridge dll in registry for Microsoft Visual Studio Tools for Unity for C:\Program Files (x86)\Microsoft Visual Studio\2019\Community\Common7\IDE\devenv.exe
Mono: successfully reloaded assembly
- Completed reload, in  1.905 seconds
Platform modules already initialized, skipping
Registering precompiled user dll's ...
Registered in 0.005316 seconds.
Begin MonoManager ReloadAssembly
Native extension for WindowsStandalone target not found
Native extension for OSXStandalone target not found
Native extension for WebGL target not found
Refreshing native plugins compatible for Editor in 0.53 ms, found 2 plugins.
Preloading 0 native plugins for Editor in 0.00 ms.
Mono: successfully reloaded assembly
- Completed reload, in  1.577 seconds
Platform modules already initialized, skipping
========================================================================
Worker process is ready to serve import requests
Launched and connected shader compiler UnityShaderCompiler.exe after 0.07 seconds
Refreshing native plugins compatible for Editor in 0.34 ms, found 2 plugins.
Preloading 0 native plugins for Editor in 0.00 ms.
Unloading 1395 Unused Serialized files (Serialized files now loaded: 0)
System memory in use before: 65.0 MB.
System memory in use after: 65.0 MB.

Unloading 19 unused Assets to reduce memory usage. Loaded Objects now: 1829.
Total: 3.083000 ms (FindLiveObjects: 0.208900 ms CreateObjectMapping: 0.251400 ms MarkObjects: 2.530200 ms  DeleteObjects: 0.091300 ms)

========================================================================
Received Import Request.
  path: Assets/Scripts/HealthDisplay.cs
  artifactKey: Guid(202f2a2a0d2a19d488248a20bcda4a79) Importer(815301076,1909f56bfc062723c751e8b465ee728b)
Start importing Assets/Scripts/HealthDisplay.cs using Guid(202f2a2a0d2a19d488248a20bcda4a79) Importer(815301076,1909f56bfc062723c751e8b465ee728b)  -> (artifact id: '09d7cfa50992b250bf4cae5eadb775ce') in 0.046322 seconds
  Import took 0.049436 seconds .

========================================================================
Received Prepare
Refreshing native plugins compatible for Editor in 4.91 ms, found 2 plugins.
Preloading 0 native plugins for Editor in 0.00 ms.
Unloading 12 Unused Serialized files (Serialized files now loaded: 0)
System memory in use before: 37.5 MB.
System memory in use after: 37.6 MB.

Unloading 12 unused Assets to reduce memory usage. Loaded Objects now: 1829.
Total: 30.837100 ms (FindLiveObjects: 0.201500 ms CreateObjectMapping: 0.112800 ms MarkObjects: 30.448600 ms  DeleteObjects: 0.072600 ms)

========================================================================
Received Import Request.
  Time since last request: 9.229341 seconds.
  path: Assets/Scripts/Pickup.cs
  artifactKey: Guid(3e26025f189ac274781e2a30f94312b5) Importer(815301076,1909f56bfc062723c751e8b465ee728b)
Start importing Assets/Scripts/Pickup.cs using Guid(3e26025f189ac274781e2a30f94312b5) Importer(815301076,1909f56bfc062723c751e8b465ee728b)  -> (artifact id: '0d50199e39a44c08caa48a18d1099146') in 0.303188 seconds
  Import took 0.368376 seconds .

========================================================================
Received Import Request.
  Time since last request: 3.682905 seconds.
  path: Assets/Scripts/PlayerController.cs
  artifactKey: Guid(40f561dcb08f1d34e8a3d89213c6b536) Importer(815301076,1909f56bfc062723c751e8b465ee728b)
Start importing Assets/Scripts/PlayerController.cs using Guid(40f561dcb08f1d34e8a3d89213c6b536) Importer(815301076,1909f56bfc062723c751e8b465ee728b)  -> (artifact id: '0c1648c37b5c70d73fe4bcff55eb653f') in 0.018476 seconds
  Import took 0.021788 seconds .

========================================================================
Received Import Request.
  Time since last request: 3.082198 seconds.
  path: Assets/Scripts/Slot.cs
  artifactKey: Guid(cf9c3b35f40ef3b448e6710ca48c2c3f) Importer(815301076,1909f56bfc062723c751e8b465ee728b)
Start importing Assets/Scripts/Slot.cs using Guid(cf9c3b35f40ef3b448e6710ca48c2c3f) Importer(815301076,1909f56bfc062723c751e8b465ee728b)  -> (artifact id: '454adbc2e5571abe70c3a476e1026b71') in 0.043553 seconds
  Import took 0.046556 seconds .

========================================================================
Received Import Request.
  Time since last request: 6.327572 seconds.
  path: Assets/Scripts/SpeedItem.cs
  artifactKey: Guid(6757e046eca472641bf65fd2114f73c6) Importer(815301076,1909f56bfc062723c751e8b465ee728b)
Start importing Assets/Scripts/SpeedItem.cs using Guid(6757e046eca472641bf65fd2114f73c6) Importer(815301076,1909f56bfc062723c751e8b465ee728b)  -> (artifact id: '59657e3cbed5436901d68191b7a1ee16') in 0.012485 seconds
  Import took 0.015556 seconds .

========================================================================
Received Import Request.
  Time since last request: 0.001680 seconds.
  path: Assets/Scripts/SpeedItem.cs
  artifactKey: Guid(6757e046eca472641bf65fd2114f73c6) Importer(815301076,1909f56bfc062723c751e8b465ee728b)
Start importing Assets/Scripts/SpeedItem.cs using Guid(6757e046eca472641bf65fd2114f73c6) Importer(815301076,1909f56bfc062723c751e8b465ee728b)  -> (artifact id: '59657e3cbed5436901d68191b7a1ee16') in 0.008774 seconds
  Import took 0.013883 seconds .

========================================================================
Received Import Request.
  Time since last request: 1.009147 seconds.
  path: Assets/Scripts/Use.cs
  artifactKey: Guid(d48aed72a71ea774d8db387bb3c384e0) Importer(815301076,1909f56bfc062723c751e8b465ee728b)
Start importing Assets/Scripts/Use.cs using Guid(d48aed72a71ea774d8db387bb3c384e0) Importer(815301076,1909f56bfc062723c751e8b465ee728b)  -> (artifact id: '316708d5b881604ac92b798120fa4496') in 0.012922 seconds
  Import took 0.015746 seconds .

========================================================================
Received Import Request.
  Time since last request: 0.001159 seconds.
  path: Assets/Scripts/Use.cs
  artifactKey: Guid(d48aed72a71ea774d8db387bb3c384e0) Importer(815301076,1909f56bfc062723c751e8b465ee728b)
Start importing Assets/Scripts/Use.cs using Guid(d48aed72a71ea774d8db387bb3c384e0) Importer(815301076,1909f56bfc062723c751e8b465ee728b)  -> (artifact id: '316708d5b881604ac92b798120fa4496') in 0.006065 seconds
  Import took 0.009125 seconds .

========================================================================
Received Prepare
Registering precompiled user dll's ...
Registered in 0.005092 seconds.
Begin MonoManager ReloadAssembly
Native extension for WindowsStandalone target not found
Native extension for OSXStandalone target not found
Native extension for WebGL target not found
Refreshing native plugins compatible for Editor in 0.35 ms, found 2 plugins.
Preloading 0 native plugins for Editor in 0.00 ms.
Mono: successfully reloaded assembly
- Completed reload, in  1.130 seconds
Platform modules already initialized, skipping
Refreshing native plugins compatible for Editor in 0.34 ms, found 2 plugins.
Preloading 0 native plugins for Editor in 0.00 ms.
Unloading 1390 Unused Serialized files (Serialized files now loaded: 0)
System memory in use before: 64.9 MB.
System memory in use after: 65.0 MB.

Unloading 14 unused Assets to reduce memory usage. Loaded Objects now: 1832.
Total: 2.326900 ms (FindLiveObjects: 0.166200 ms CreateObjectMapping: 0.117500 ms MarkObjects: 1.940600 ms  DeleteObjects: 0.101700 ms)

========================================================================
Received Prepare
Registering precompiled user dll's ...
Registered in 0.005109 seconds.
Begin MonoManager ReloadAssembly
Native extension for WindowsStandalone target not found
Native extension for OSXStandalone target not found
Native extension for WebGL target not found
Refreshing native plugins compatible for Editor in 0.36 ms, found 2 plugins.
Preloading 0 native plugins for Editor in 0.00 ms.
Mono: successfully reloaded assembly
- Completed reload, in  1.171 seconds
Platform modules already initialized, skipping
Refreshing native plugins compatible for Editor in 0.35 ms, found 2 plugins.
Preloading 0 native plugins for Editor in 0.00 ms.
Unloading 1390 Unused Serialized files (Serialized files now loaded: 0)
System memory in use before: 65.0 MB.
System memory in use after: 65.0 MB.

Unloading 14 unused Assets to reduce memory usage. Loaded Objects now: 1835.
Total: 2.544800 ms (FindLiveObjects: 0.163000 ms CreateObjectMapping: 0.077800 ms MarkObjects: 2.212600 ms  DeleteObjects: 0.090100 ms)

========================================================================
Received Prepare
Registering precompiled user dll's ...
Registered in 0.004980 seconds.
Begin MonoManager ReloadAssembly
Native extension for WindowsStandalone target not found
Native extension for OSXStandalone target not found
Native extension for WebGL target not found
Refreshing native plugins compatible for Editor in 0.35 ms, found 2 plugins.
Preloading 0 native plugins for Editor in 0.00 ms.
Mono: successfully reloaded assembly
- Completed reload, in  1.105 seconds
Platform modules already initialized, skipping
Refreshing native plugins compatible for Editor in 0.39 ms, found 2 plugins.
Preloading 0 native plugins for Editor in 0.00 ms.
Unloading 1390 Unused Serialized files (Serialized files now loaded: 0)
System memory in use before: 65.0 MB.
System memory in use after: 65.1 MB.

Unloading 14 unused Assets to reduce memory usage. Loaded Objects now: 1838.
Total: 3.010500 ms (FindLiveObjects: 0.165900 ms CreateObjectMapping: 0.440800 ms MarkObjects: 2.345800 ms  DeleteObjects: 0.056900 ms)

========================================================================
Received Prepare
Registering precompiled user dll's ...
Registered in 0.004848 seconds.
Begin MonoManager ReloadAssembly
Native extension for WindowsStandalone target not found
Native extension for OSXStandalone target not found
Native extension for WebGL target not found
Refreshing native plugins compatible for Editor in 0.34 ms, found 2 plugins.
Preloading 0 native plugins for Editor in 0.00 ms.
Mono: successfully reloaded assembly
- Completed reload, in  1.103 seconds
Platform modules already initialized, skipping
Refreshing native plugins compatible for Editor in 0.34 ms, found 2 plugins.
Preloading 0 native plugins for Editor in 0.00 ms.
Unloading 1390 Unused Serialized files (Serialized files now loaded: 0)
System memory in use before: 65.0 MB.
System memory in use after: 65.1 MB.

Unloading 14 unused Assets to reduce memory usage. Loaded Objects now: 1841.
Total: 2.158800 ms (FindLiveObjects: 0.177800 ms CreateObjectMapping: 0.087700 ms MarkObjects: 1.812300 ms  DeleteObjects: 0.079900 ms)

========================================================================
Received Import Request.
  Time since last request: 550.713186 seconds.
  path: Assets/Prefabs/Health Button.prefab
  artifactKey: Guid(2982a0d2e636edd41b80e4c37fa85cd6) Importer(815301076,1909f56bfc062723c751e8b465ee728b)
Start importing Assets/Prefabs/Health Button.prefab using Guid(2982a0d2e636edd41b80e4c37fa85cd6) Importer(815301076,1909f56bfc062723c751e8b465ee728b)  -> (artifact id: 'c454beef79f0fd07c94e50f476bc8ea6') in 0.060474 seconds
  Import took 0.063744 seconds .

========================================================================
Received Import Request.
  Time since last request: 12.126303 seconds.
  path: Assets/Prefabs/Health Button.prefab
  artifactKey: Guid(2982a0d2e636edd41b80e4c37fa85cd6) Importer(815301076,1909f56bfc062723c751e8b465ee728b)
Start importing Assets/Prefabs/Health Button.prefab using Guid(2982a0d2e636edd41b80e4c37fa85cd6) Importer(815301076,1909f56bfc062723c751e8b465ee728b)  -> (artifact id: '1406b0a27001ffc97e0e79b79d582290') in 0.010141 seconds
  Import took 0.013507 seconds .

========================================================================
Received Import Request.
  Time since last request: 15.217913 seconds.
  path: Assets/Prefabs/Speed Button.prefab
  artifactKey: Guid(eb9473932abea3b479d07fdb1bdd7cac) Importer(815301076,1909f56bfc062723c751e8b465ee728b)
Start importing Assets/Prefabs/Speed Button.prefab using Guid(eb9473932abea3b479d07fdb1bdd7cac) Importer(815301076,1909f56bfc062723c751e8b465ee728b)  -> (artifact id: '05bc58054130d6adde682520d451c76d') in 0.018885 seconds
  Import took 0.022560 seconds .

========================================================================
Received Prepare
Registering precompiled user dll's ...
Registered in 0.004932 seconds.
Begin MonoManager ReloadAssembly
Native extension for WindowsStandalone target not found
Native extension for OSXStandalone target not found
Native extension for WebGL target not found
Refreshing native plugins compatible for Editor in 0.47 ms, found 2 plugins.
Preloading 0 native plugins for Editor in 0.00 ms.
Mono: successfully reloaded assembly
- Completed reload, in  1.095 seconds
Platform modules already initialized, skipping
Refreshing native plugins compatible for Editor in 0.38 ms, found 2 plugins.
Preloading 0 native plugins for Editor in 0.00 ms.
Unloading 1390 Unused Serialized files (Serialized files now loaded: 0)
System memory in use before: 65.1 MB.
System memory in use after: 65.2 MB.

Unloading 14 unused Assets to reduce memory usage. Loaded Objects now: 1846.
Total: 2.232000 ms (FindLiveObjects: 0.173400 ms CreateObjectMapping: 0.084700 ms MarkObjects: 1.911000 ms  DeleteObjects: 0.061700 ms)

AssetImportWorkerClient::OnTransportError - code=2 error=End of file
